2024-01-07 15:28:48,399 [INFO   ] Starting /home/peri/stack-new/Garmin/garmin-connect-export/gcexport.py version 4.2.0, using Python version 3.12.1
2024-01-07 15:28:48,400 [INFO   ] New logfile level: INFO
2024-01-07 15:28:48,400 [WARNING] Output directory /var/lib/docker/volumes/spwp_spwp/_data/wp-content/uploads/garmin/activities/Summary-Json/ already exists. Will skip already-downloaded files and append to the CSV file.
2024-01-07 15:28:51,239 [INFO   ] Profile page https://connect.garmin.com/userprofile-service/socialProfile
2024-01-07 15:28:51,455 [INFO   ] Userstats page https://connect.garmin.com/userstats-service/statistics/sriperinkulam
2024-01-07 15:28:52,273 [INFO   ] Activity list URL https://connect.garmin.com/activitylist-service/activities/search/activities?start=0&limit=5
2024-01-07 15:28:55,514 [INFO   ] CSV file written.
2024-01-30 18:39:44,505 [INFO   ] Starting /home/peri/stack-new/Garmin/garmin-connect-export/gcexport.py version 4.2.0, using Python version 3.12.1
2024-01-30 18:39:44,505 [INFO   ] New logfile level: INFO
2024-01-30 18:39:44,506 [WARNING] Output directory /var/lib/docker/volumes/spwp_spwp/_data/wp-content/uploads/garmin/activities/Summary-Json/ already exists. Will skip already-downloaded files and append to the CSV file.
2024-01-30 18:39:47,329 [INFO   ] Profile page https://connect.garmin.com/userprofile-service/socialProfile
2024-01-30 18:39:47,524 [INFO   ] Userstats page https://connect.garmin.com/userstats-service/statistics/sriperinkulam
2024-01-30 18:39:48,645 [INFO   ] Activity list URL https://connect.garmin.com/activitylist-service/activities/search/activities?start=0&limit=7
2024-01-30 18:39:52,179 [INFO   ] CSV file written.
2024-04-15 23:22:59,120 [INFO   ] Starting /home/peri/stack-new/Garmin/garmin-connect-export/gcexport.py version 4.2.0, using Python version 3.12.1
2024-04-15 23:22:59,121 [INFO   ] New logfile level: INFO
2024-04-15 23:22:59,121 [WARNING] Output directory /var/lib/docker/volumes/spwp_spwp/_data/wp-content/uploads/garmin/activities/Summary-Json/ already exists. Will skip already-downloaded files and append to the CSV file.
2024-04-15 23:23:02,362 [INFO   ] Profile page https://connect.garmin.com/userprofile-service/socialProfile
2024-04-15 23:23:02,662 [INFO   ] Userstats page https://connect.garmin.com/userstats-service/statistics/sriperinkulam
2024-04-15 23:23:03,612 [INFO   ] Activity list URL https://connect.garmin.com/activitylist-service/activities/search/activities?start=0&limit=7
2024-04-15 23:23:06,879 [INFO   ] CSV file written.
2024-04-15 23:23:34,206 [INFO   ] Starting /home/peri/stack-new/Garmin/garmin-connect-export/gcexport.py version 4.2.0, using Python version 3.12.1
2024-04-15 23:23:34,207 [INFO   ] New logfile level: INFO
2024-04-15 23:23:34,207 [WARNING] Output directory /var/lib/docker/volumes/spwp_spwp/_data/wp-content/uploads/garmin/activities/Summary-Json/ already exists. Will skip already-downloaded files and append to the CSV file.
2024-04-15 23:23:37,160 [INFO   ] Profile page https://connect.garmin.com/userprofile-service/socialProfile
2024-04-15 23:23:37,338 [INFO   ] Userstats page https://connect.garmin.com/userstats-service/statistics/sriperinkulam
2024-04-15 23:23:37,947 [INFO   ] Activity list URL https://connect.garmin.com/activitylist-service/activities/search/activities?start=0&limit=14
2024-04-15 23:23:44,016 [INFO   ] CSV file written.
2024-04-23 12:58:24,689 [INFO   ] Starting /home/peri/stack-new/Garmin/garmin-connect-export/gcexport.py version 4.2.0, using Python version 3.12.1
2024-04-23 12:58:24,689 [INFO   ] New logfile level: INFO
2024-04-23 12:58:24,689 [WARNING] Output directory /var/lib/docker/volumes/spwp_spwp/_data/wp-content/uploads/garmin/activities/Summary-Json/ already exists. Will skip already-downloaded files and append to the CSV file.
2024-04-23 12:58:28,942 [INFO   ] Profile page https://connect.garmin.com/userprofile-service/socialProfile
2024-04-23 12:58:29,159 [INFO   ] Userstats page https://connect.garmin.com/userstats-service/statistics/sriperinkulam
2024-04-23 12:58:30,289 [INFO   ] Activity list URL https://connect.garmin.com/activitylist-service/activities/search/activities?start=0&limit=7
2024-04-23 12:58:34,062 [INFO   ] CSV file written.
2024-11-06 22:42:35,215 [INFO   ] Starting /media/peri/320GB/Garmin/garmin-connect-export/gcexport.py version 4.2.0, using Python version 3.11.2
2024-11-06 22:42:35,215 [INFO   ] New logfile level: INFO
2024-11-06 22:42:35,215 [WARNING] Output directory /media/peri/320GB/Garmin/Garmin Data/activities/Summary-Json/ already exists. Will skip already-downloaded files and append to the CSV file.
2024-11-06 22:42:41,928 [INFO   ] Profile page https://connect.garmin.com/userprofile-service/socialProfile
2024-11-06 22:42:43,094 [INFO   ] Userstats page https://connect.garmin.com/userstats-service/statistics/sriperinkulam
2024-11-06 22:42:46,675 [INFO   ] Activity list URL https://connect.garmin.com/activitylist-service/activities/search/activities?start=0&limit=7
2024-11-06 22:43:05,252 [INFO   ] CSV file written.
2024-11-06 22:43:21,662 [INFO   ] Starting /media/peri/320GB/Garmin/garmin-connect-export/gcexport.py version 4.2.0, using Python version 3.11.2
2024-11-06 22:43:21,662 [INFO   ] New logfile level: INFO
2024-11-06 22:43:21,662 [WARNING] Output directory /media/peri/320GB/Garmin/Garmin Data/activities/Summary-Json/ already exists. Will skip already-downloaded files and append to the CSV file.
2024-11-06 22:43:28,146 [INFO   ] Profile page https://connect.garmin.com/userprofile-service/socialProfile
2024-11-06 22:43:29,232 [INFO   ] Userstats page https://connect.garmin.com/userstats-service/statistics/sriperinkulam
2024-11-06 22:43:33,428 [INFO   ] Activity list URL https://connect.garmin.com/activitylist-service/activities/search/activities?start=0&limit=15
2024-11-06 22:44:11,042 [INFO   ] CSV file written.
2024-11-26 20:33:24,234 [INFO   ] Starting /media/peri/320GB/Garmin/garmin-connect-export/gcexport.py version 4.2.0, using Python version 3.11.2
2024-11-26 20:33:24,234 [INFO   ] New logfile level: INFO
2024-11-26 20:33:24,234 [WARNING] Output directory /home/peri/stacks/hugo/ssp/assets/data/garmin/activities/ already exists. Will skip already-downloaded files and append to the CSV file.
2024-11-26 20:33:31,910 [INFO   ] Profile page https://connect.garmin.com/userprofile-service/socialProfile
2024-11-26 20:33:33,193 [INFO   ] Userstats page https://connect.garmin.com/userstats-service/statistics/sriperinkulam
2024-11-26 20:33:37,594 [INFO   ] Activity list URL https://connect.garmin.com/activitylist-service/activities/search/activities?start=0&limit=7
2024-11-26 20:33:59,649 [INFO   ] CSV file written.
